<?xml version="1.0" encoding="UTF-8"?>
<!-- Generated by org.testng.reporters.JUnitReportReporter -->
<testsuite hostname="DESKTOP-6625IDT" failures="0" tests="6" name="TestRunner.CucumberTestRunner" time="46.902" errors="0" timestamp="25 May 2024 08:23:19 GMT" skipped="0">
  <testcase classname="TestRunner.CucumberTestRunner" name="runScenario" time="7.580"/>
  <testcase classname="TestRunner.CucumberTestRunner" name="runScenario" time="8.929"/>
  <testcase classname="TestRunner.CucumberTestRunner" name="runScenario" time="4.790"/>
  <testcase classname="TestRunner.CucumberTestRunner" name="runScenario" time="4.882"/>
  <testcase classname="TestRunner.CucumberTestRunner" name="runScenario" time="12.119"/>
  <testcase classname="TestRunner.CucumberTestRunner" name="runScenario" time="8.602"/>
</testsuite> <!-- TestRunner.CucumberTestRunner -->
