<?xml version="1.0" encoding="UTF-8"?>
<!-- Generated by org.testng.reporters.JUnitReportReporter -->
<testsuite hostname="DESKTOP-6625IDT" failures="0" tests="6" name="TestRunner.CucumberTestRunner" time="43.849" errors="0" timestamp="2024-05-25T14:17:47 IST" skipped="0">
  <testcase classname="TestRunner.CucumberTestRunner" name="runScenario" time="7.379"/>
  <testcase classname="TestRunner.CucumberTestRunner" name="runScenario" time="11.210"/>
  <testcase classname="TestRunner.CucumberTestRunner" name="runScenario" time="6.881"/>
  <testcase classname="TestRunner.CucumberTestRunner" name="runScenario" time="4.685"/>
  <testcase classname="TestRunner.CucumberTestRunner" name="runScenario" time="9.234"/>
  <testcase classname="TestRunner.CucumberTestRunner" name="runScenario" time="4.460"/>
</testsuite> <!-- TestRunner.CucumberTestRunner -->
